<?xml version="1.0" encoding="UTF-8"?>
<coverage generated="1774619444074" clover="3.2.0">
  <project timestamp="1774619444074" name="All files">
    <metrics statements="144" coveredstatements="120" conditionals="91" coveredconditionals="69" methods="68" coveredmethods="51" elements="303" coveredelements="240" complexity="0" loc="144" ncloc="144" packages="4" files="18" classes="18"/>
    <package name="components">
      <metrics statements="43" coveredstatements="43" conditionals="68" coveredconditionals="55" methods="23" coveredmethods="22"/>
      <file name="Button.tsx" path="/Users/jonloss/Git/FoodExposure/src/components/Button.tsx">
        <metrics statements="7" coveredstatements="7" conditionals="17" coveredconditionals="12" methods="2" coveredmethods="2"/>
        <line num="25" count="6" type="stmt"/>
        <line num="27" count="6" type="stmt"/>
        <line num="33" count="6" type="stmt"/>
        <line num="39" count="6" type="stmt"/>
        <line num="45" count="6" type="stmt"/>
        <line num="51" count="6" type="stmt"/>
        <line num="75" count="1" type="stmt"/>
      </file>
      <file name="ChildSelector.tsx" path="/Users/jonloss/Git/FoodExposure/src/components/ChildSelector.tsx">
        <metrics statements="6" coveredstatements="6" conditionals="6" coveredconditionals="6" methods="4" coveredmethods="4"/>
        <line num="17" count="3" type="cond" truecount="2" falsecount="0"/>
        <line num="19" count="2" type="stmt"/>
        <line num="26" count="6" type="stmt"/>
        <line num="27" count="6" type="stmt"/>
        <line num="31" count="1" type="stmt"/>
        <line num="44" count="1" type="stmt"/>
      </file>
      <file name="EmptyState.tsx" path="/Users/jonloss/Git/FoodExposure/src/components/EmptyState.tsx">
        <metrics statements="2" coveredstatements="2" conditionals="3" coveredconditionals="3" methods="2" coveredmethods="2"/>
        <line num="13" count="3" type="stmt"/>
        <line num="27" count="1" type="stmt"/>
      </file>
      <file name="ExposureCard.tsx" path="/Users/jonloss/Git/FoodExposure/src/components/ExposureCard.tsx">
        <metrics statements="4" coveredstatements="4" conditionals="8" coveredconditionals="6" methods="3" coveredmethods="2"/>
        <line num="27" count="5" type="stmt"/>
        <line num="28" count="5" type="cond" truecount="1" falsecount="1"/>
        <line num="30" count="5" type="stmt"/>
        <line num="59" count="1" type="stmt"/>
      </file>
      <file name="FoodCard.tsx" path="/Users/jonloss/Git/FoodExposure/src/components/FoodCard.tsx">
        <metrics statements="4" coveredstatements="4" conditionals="8" coveredconditionals="8" methods="2" coveredmethods="2"/>
        <line num="23" count="6" type="stmt"/>
        <line num="24" count="6" type="cond" truecount="2" falsecount="0"/>
        <line num="26" count="6" type="stmt"/>
        <line num="62" count="1" type="stmt"/>
      </file>
      <file name="ProgressBar.tsx" path="/Users/jonloss/Git/FoodExposure/src/components/ProgressBar.tsx">
        <metrics statements="3" coveredstatements="3" conditionals="6" coveredconditionals="6" methods="2" coveredmethods="2"/>
        <line num="19" count="10" type="stmt"/>
        <line num="21" count="10" type="stmt"/>
        <line num="44" count="2" type="stmt"/>
      </file>
      <file name="RatingPicker.tsx" path="/Users/jonloss/Git/FoodExposure/src/components/RatingPicker.tsx">
        <metrics statements="4" coveredstatements="4" conditionals="4" coveredconditionals="2" methods="4" coveredmethods="4"/>
        <line num="11" count="3" type="stmt"/>
        <line num="14" count="15" type="stmt"/>
        <line num="20" count="3" type="stmt"/>
        <line num="37" count="1" type="stmt"/>
      </file>
      <file name="StageIndicator.tsx" path="/Users/jonloss/Git/FoodExposure/src/components/StageIndicator.tsx">
        <metrics statements="13" coveredstatements="13" conditionals="16" coveredconditionals="12" methods="4" coveredmethods="4"/>
        <line num="12" count="1" type="stmt"/>
        <line num="36" count="1" type="stmt"/>
        <line num="48" count="3" type="cond" truecount="1" falsecount="1"/>
        <line num="50" count="3" type="stmt"/>
        <line num="53" count="18" type="stmt"/>
        <line num="54" count="18" type="stmt"/>
        <line num="55" count="18" type="stmt"/>
        <line num="58" count="18" type="stmt"/>
        <line num="79" count="18" type="cond" truecount="4" falsecount="0"/>
        <line num="80" count="6" type="stmt"/>
        <line num="81" count="1" type="stmt"/>
        <line num="87" count="12" type="stmt"/>
        <line num="93" count="1" type="stmt"/>
      </file>
    </package>
    <package name="db">
      <metrics statements="17" coveredstatements="6" conditionals="0" coveredconditionals="0" methods="9" coveredmethods="0"/>
      <file name="client.ts" path="/Users/jonloss/Git/FoodExposure/src/db/client.ts">
        <metrics statements="2" coveredstatements="0" conditionals="0" coveredconditionals="0" methods="0" coveredmethods="0"/>
        <line num="5" count="0" type="stmt"/>
        <line num="7" count="0" type="stmt"/>
      </file>
      <file name="schema.ts" path="/Users/jonloss/Git/FoodExposure/src/db/schema.ts">
        <metrics statements="15" coveredstatements="6" conditionals="0" coveredconditionals="0" methods="9" coveredmethods="0"/>
        <line num="3" count="1" type="stmt"/>
        <line num="11" count="1" type="stmt"/>
        <line num="13" count="0" type="stmt"/>
        <line num="21" count="1" type="stmt"/>
        <line num="23" count="0" type="stmt"/>
        <line num="32" count="1" type="stmt"/>
        <line num="34" count="0" type="stmt"/>
        <line num="44" count="1" type="stmt"/>
        <line num="46" count="0" type="stmt"/>
        <line num="47" count="0" type="stmt"/>
        <line num="56" count="0" type="stmt"/>
        <line num="62" count="1" type="stmt"/>
        <line num="64" count="0" type="stmt"/>
        <line num="65" count="0" type="stmt"/>
        <line num="66" count="0" type="stmt"/>
      </file>
    </package>
    <package name="lib">
      <metrics statements="52" coveredstatements="42" conditionals="17" coveredconditionals="8" methods="13" coveredmethods="9"/>
      <file name="constants.ts" path="/Users/jonloss/Git/FoodExposure/src/lib/constants.ts">
        <metrics statements="11" coveredstatements="11" conditionals="0" coveredconditionals="0" methods="0" coveredmethods="0"/>
        <line num="1" count="6" type="stmt"/>
        <line num="4" count="6" type="stmt"/>
        <line num="13" count="6" type="stmt"/>
        <line num="16" count="6" type="stmt"/>
        <line num="25" count="6" type="stmt"/>
        <line num="33" count="6" type="stmt"/>
        <line num="35" count="6" type="stmt"/>
        <line num="36" count="6" type="stmt"/>
        <line num="37" count="6" type="stmt"/>
        <line num="38" count="6" type="stmt"/>
        <line num="39" count="6" type="stmt"/>
      </file>
      <file name="posthog.ts" path="/Users/jonloss/Git/FoodExposure/src/lib/posthog.ts">
        <metrics statements="7" coveredstatements="0" conditionals="4" coveredconditionals="0" methods="3" coveredmethods="0"/>
        <line num="3" count="0" type="stmt"/>
        <line num="4" count="0" type="cond" truecount="0" falsecount="2"/>
        <line num="6" count="0" type="stmt"/>
        <line num="9" count="0" type="cond" truecount="0" falsecount="2"/>
        <line num="11" count="0" type="stmt"/>
        <line num="17" count="0" type="stmt"/>
        <line num="21" count="0" type="stmt"/>
      </file>
      <file name="sentry.ts" path="/Users/jonloss/Git/FoodExposure/src/lib/sentry.ts">
        <metrics statements="3" coveredstatements="0" conditionals="4" coveredconditionals="0" methods="1" coveredmethods="0"/>
        <line num="3" count="0" type="stmt"/>
        <line num="6" count="0" type="cond" truecount="0" falsecount="2"/>
        <line num="8" count="0" type="stmt"/>
      </file>
      <file name="utils.ts" path="/Users/jonloss/Git/FoodExposure/src/lib/utils.ts">
        <metrics statements="25" coveredstatements="25" conditionals="9" coveredconditionals="8" methods="9" coveredmethods="9"/>
        <line num="5" count="102" type="stmt"/>
        <line num="9" count="101" type="stmt"/>
        <line num="10" count="101" type="stmt"/>
        <line num="11" count="101" type="stmt"/>
        <line num="12" count="606" type="stmt"/>
        <line num="14" count="101" type="stmt"/>
        <line num="18" count="20" type="stmt"/>
        <line num="22" count="7" type="stmt"/>
        <line num="26" count="8" type="stmt"/>
        <line num="30" count="2" type="stmt"/>
        <line num="34" count="9" type="stmt"/>
        <line num="35" count="9" type="stmt"/>
        <line num="36" count="9" type="stmt"/>
        <line num="38" count="9" type="cond" truecount="2" falsecount="0"/>
        <line num="39" count="3" type="cond" truecount="2" falsecount="0"/>
        <line num="40" count="2" type="cond" truecount="2" falsecount="0"/>
        <line num="41" count="1" type="stmt"/>
        <line num="45" count="4" type="stmt"/>
        <line num="46" count="4" type="stmt"/>
        <line num="47" count="4" type="stmt"/>
        <line num="51" count="3" type="stmt"/>
        <line num="52" count="3" type="stmt"/>
        <line num="53" count="3" type="stmt"/>
        <line num="54" count="3" type="stmt"/>
        <line num="55" count="3" type="stmt"/>
      </file>
      <file name="validation.ts" path="/Users/jonloss/Git/FoodExposure/src/lib/validation.ts">
        <metrics statements="6" coveredstatements="6" conditionals="0" coveredconditionals="0" methods="0" coveredmethods="0"/>
        <line num="3" count="1" type="stmt"/>
        <line num="12" count="1" type="stmt"/>
        <line num="21" count="1" type="stmt"/>
        <line num="36" count="1" type="stmt"/>
        <line num="43" count="1" type="stmt"/>
        <line num="50" count="1" type="stmt"/>
      </file>
    </package>
    <package name="stores">
      <metrics statements="32" coveredstatements="29" conditionals="6" coveredconditionals="6" methods="23" coveredmethods="20"/>
      <file name="auth-store.ts" path="/Users/jonloss/Git/FoodExposure/src/stores/auth-store.ts">
        <metrics statements="12" coveredstatements="11" conditionals="2" coveredconditionals="2" methods="9" coveredmethods="8"/>
        <line num="5" count="1" type="stmt"/>
        <line num="7" count="1" type="stmt"/>
        <line num="8" count="1" type="cond" truecount="2" falsecount="0"/>
        <line num="9" count="11" type="stmt"/>
        <line num="10" count="0" type="stmt"/>
        <line num="26" count="1" type="stmt"/>
        <line num="28" count="1" type="stmt"/>
        <line num="35" count="2" type="stmt"/>
        <line num="36" count="1" type="stmt"/>
        <line num="37" count="2" type="stmt"/>
        <line num="38" count="1" type="stmt"/>
        <line num="42" count="1" type="stmt"/>
      </file>
      <file name="child-store.ts" path="/Users/jonloss/Git/FoodExposure/src/stores/child-store.ts">
        <metrics statements="9" coveredstatements="8" conditionals="2" coveredconditionals="2" methods="6" coveredmethods="5"/>
        <line num="5" count="1" type="stmt"/>
        <line num="7" count="1" type="stmt"/>
        <line num="8" count="1" type="cond" truecount="2" falsecount="0"/>
        <line num="9" count="6" type="stmt"/>
        <line num="10" count="0" type="stmt"/>
        <line num="18" count="1" type="stmt"/>
        <line num="20" count="1" type="stmt"/>
        <line num="22" count="3" type="stmt"/>
        <line num="26" count="1" type="stmt"/>
      </file>
      <file name="settings-store.ts" path="/Users/jonloss/Git/FoodExposure/src/stores/settings-store.ts">
        <metrics statements="11" coveredstatements="10" conditionals="2" coveredconditionals="2" methods="8" coveredmethods="7"/>
        <line num="5" count="1" type="stmt"/>
        <line num="7" count="1" type="stmt"/>
        <line num="8" count="1" type="cond" truecount="2" falsecount="0"/>
        <line num="9" count="14" type="stmt"/>
        <line num="10" count="0" type="stmt"/>
        <line num="24" count="1" type="stmt"/>
        <line num="26" count="1" type="stmt"/>
        <line num="30" count="4" type="stmt"/>
        <line num="31" count="2" type="stmt"/>
        <line num="32" count="2" type="stmt"/>
        <line num="36" count="1" type="stmt"/>
      </file>
    </package>
  </project>
</coverage>
