{"/Users/jonloss/Git/FoodExposure/src/components/Button.tsx": {"path":"/Users/jonloss/Git/FoodExposure/src/components/Button.tsx","statementMap":{"0":{"start":{"line":25,"column":20},"end":{"line":25,"column":34}},"1":{"start":{"line":27,"column":33},"end":{"line":31,"column":3}},"2":{"start":{"line":33,"column":30},"end":{"line":37,"column":3}},"3":{"start":{"line":39,"column":29},"end":{"line":43,"column":3}},"4":{"start":{"line":45,"column":26},"end":{"line":49,"column":3}},"5":{"start":{"line":51,"column":2},"end":{"line":72,"column":4}},"6":{"start":{"line":75,"column":15},"end":{"line":95,"column":3}},"7":{"start":{"line":75,"column":45},"end":{"line":95,"column":1}}},"fnMap":{"0":{"name":"Button","decl":{"start":{"line":15,"column":16},"end":{"line":15,"column":22}},"loc":{"start":{"line":24,"column":16},"end":{"line":73,"column":1}},"line":24},"1":{"name":"(anonymous_1)","decl":{"start":{"line":75,"column":33},"end":{"line":75,"column":34}},"loc":{"start":{"line":75,"column":45},"end":{"line":95,"column":1}},"line":75}},"branchMap":{"0":{"loc":{"start":{"line":18,"column":2},"end":{"line":18,"column":21}},"type":"default-arg","locations":[{"start":{"line":18,"column":12},"end":{"line":18,"column":21}}],"line":18},"1":{"loc":{"start":{"line":19,"column":2},"end":{"line":19,"column":13}},"type":"default-arg","locations":[{"start":{"line":19,"column":9},"end":{"line":19,"column":13}}],"line":19},"2":{"loc":{"start":{"line":20,"column":2},"end":{"line":20,"column":18}},"type":"default-arg","locations":[{"start":{"line":20,"column":13},"end":{"line":20,"column":18}}],"line":20},"3":{"loc":{"start":{"line":21,"column":2},"end":{"line":21,"column":17}},"type":"default-arg","locations":[{"start":{"line":21,"column":12},"end":{"line":21,"column":17}}],"line":21},"4":{"loc":{"start":{"line":23,"column":2},"end":{"line":23,"column":19}},"type":"default-arg","locations":[{"start":{"line":23,"column":14},"end":{"line":23,"column":19}}],"line":23},"5":{"loc":{"start":{"line":57,"column":8},"end":{"line":57,"column":38}},"type":"binary-expr","locations":[{"start":{"line":57,"column":8},"end":{"line":57,"column":17}},{"start":{"line":57,"column":21},"end":{"line":57,"column":38}}],"line":57},"6":{"loc":{"start":{"line":58,"column":8},"end":{"line":58,"column":35}},"type":"binary-expr","locations":[{"start":{"line":58,"column":8},"end":{"line":58,"column":16}},{"start":{"line":58,"column":20},"end":{"line":58,"column":35}}],"line":58},"7":{"loc":{"start":{"line":61,"column":16},"end":{"line":61,"column":35}},"type":"binary-expr","locations":[{"start":{"line":61,"column":16},"end":{"line":61,"column":24}},{"start":{"line":61,"column":28},"end":{"line":61,"column":35}}],"line":61},"8":{"loc":{"start":{"line":63,"column":7},"end":{"line":70,"column":7}},"type":"cond-expr","locations":[{"start":{"line":64,"column":8},"end":{"line":64,"column":80}},{"start":{"line":66,"column":8},"end":{"line":69,"column":15}}],"line":63},"9":{"loc":{"start":{"line":64,"column":34},"end":{"line":64,"column":76}},"type":"cond-expr","locations":[{"start":{"line":64,"column":58},"end":{"line":64,"column":64}},{"start":{"line":64,"column":67},"end":{"line":64,"column":76}}],"line":64},"10":{"loc":{"start":{"line":67,"column":11},"end":{"line":67,"column":58}},"type":"binary-expr","locations":[{"start":{"line":67,"column":11},"end":{"line":67,"column":15}},{"start":{"line":67,"column":19},"end":{"line":67,"column":58}}],"line":67}},"s":{"0":6,"1":6,"2":6,"3":6,"4":6,"5":6,"6":1,"7":1},"f":{"0":6,"1":1},"b":{"0":[3],"1":[6],"2":[5],"3":[6],"4":[6],"5":[6,0],"6":[6,1],"7":[6,5],"8":[0,6],"9":[0,0],"10":[6,0]},"_coverageSchema":"1a1c01bbd47fc00a2c39e90264f33305004495a9","hash":"58a74c1e0f0a5ec26937983487dd8520e7d7e3bf"}
,"/Users/jonloss/Git/FoodExposure/src/components/ChildSelector.tsx": {"path":"/Users/jonloss/Git/FoodExposure/src/components/ChildSelector.tsx","statementMap":{"0":{"start":{"line":17,"column":2},"end":{"line":17,"column":41}},"1":{"start":{"line":17,"column":29},"end":{"line":17,"column":41}},"2":{"start":{"line":19,"column":2},"end":{"line":41,"column":4}},"3":{"start":{"line":26,"column":27},"end":{"line":26,"column":50}},"4":{"start":{"line":27,"column":8},"end":{"line":38,"column":10}},"5":{"start":{"line":31,"column":27},"end":{"line":31,"column":45}},"6":{"start":{"line":44,"column":15},"end":{"line":76,"column":3}},"7":{"start":{"line":44,"column":45},"end":{"line":76,"column":1}}},"fnMap":{"0":{"name":"ChildSelector","decl":{"start":{"line":16,"column":16},"end":{"line":16,"column":29}},"loc":{"start":{"line":16,"column":86},"end":{"line":42,"column":1}},"line":16},"1":{"name":"(anonymous_1)","decl":{"start":{"line":25,"column":20},"end":{"line":25,"column":21}},"loc":{"start":{"line":25,"column":31},"end":{"line":39,"column":7}},"line":25},"2":{"name":"(anonymous_2)","decl":{"start":{"line":31,"column":21},"end":{"line":31,"column":22}},"loc":{"start":{"line":31,"column":27},"end":{"line":31,"column":45}},"line":31},"3":{"name":"(anonymous_3)","decl":{"start":{"line":44,"column":33},"end":{"line":44,"column":34}},"loc":{"start":{"line":44,"column":45},"end":{"line":76,"column":1}},"line":44}},"branchMap":{"0":{"loc":{"start":{"line":17,"column":2},"end":{"line":17,"column":41}},"type":"if","locations":[{"start":{"line":17,"column":2},"end":{"line":17,"column":41}},{"start":{},"end":{}}],"line":17},"1":{"loc":{"start":{"line":30,"column":33},"end":{"line":30,"column":66}},"type":"binary-expr","locations":[{"start":{"line":30,"column":33},"end":{"line":30,"column":43}},{"start":{"line":30,"column":47},"end":{"line":30,"column":66}}],"line":30},"2":{"loc":{"start":{"line":34,"column":39},"end":{"line":34,"column":72}},"type":"binary-expr","locations":[{"start":{"line":34,"column":39},"end":{"line":34,"column":49}},{"start":{"line":34,"column":53},"end":{"line":34,"column":72}}],"line":34}},"s":{"0":3,"1":1,"2":2,"3":6,"4":6,"5":1,"6":1,"7":1},"f":{"0":3,"1":6,"2":1,"3":1},"b":{"0":[1,2],"1":[6,2],"2":[6,2]},"_coverageSchema":"1a1c01bbd47fc00a2c39e90264f33305004495a9","hash":"e438b8729185bc3460642cc6a130544bc72b8836"}
,"/Users/jonloss/Git/FoodExposure/src/components/EmptyState.tsx": {"path":"/Users/jonloss/Git/FoodExposure/src/components/EmptyState.tsx","statementMap":{"0":{"start":{"line":13,"column":2},"end":{"line":24,"column":4}},"1":{"start":{"line":27,"column":15},"end":{"line":62,"column":3}},"2":{"start":{"line":27,"column":45},"end":{"line":62,"column":1}}},"fnMap":{"0":{"name":"EmptyState","decl":{"start":{"line":12,"column":16},"end":{"line":12,"column":26}},"loc":{"start":{"line":12,"column":97},"end":{"line":25,"column":1}},"line":12},"1":{"name":"(anonymous_1)","decl":{"start":{"line":27,"column":33},"end":{"line":27,"column":34}},"loc":{"start":{"line":27,"column":45},"end":{"line":62,"column":1}},"line":27}},"branchMap":{"0":{"loc":{"start":{"line":18,"column":7},"end":{"line":22,"column":7}},"type":"binary-expr","locations":[{"start":{"line":18,"column":7},"end":{"line":18,"column":18}},{"start":{"line":18,"column":22},"end":{"line":18,"column":30}},{"start":{"line":19,"column":8},"end":{"line":21,"column":20}}],"line":18}},"s":{"0":3,"1":1,"2":1},"f":{"0":3,"1":1},"b":{"0":[3,1,1]},"_coverageSchema":"1a1c01bbd47fc00a2c39e90264f33305004495a9","hash":"95e878008b51e2551528cba1b204d4fdf6c23ff3"}
,"/Users/jonloss/Git/FoodExposure/src/components/ExposureCard.tsx": {"path":"/Users/jonloss/Git/FoodExposure/src/components/ExposureCard.tsx","statementMap":{"0":{"start":{"line":27,"column":22},"end":{"line":27,"column":41}},"1":{"start":{"line":28,"column":23},"end":{"line":28,"column":84}},"2":{"start":{"line":28,"column":58},"end":{"line":28,"column":76}},"3":{"start":{"line":30,"column":2},"end":{"line":56,"column":4}},"4":{"start":{"line":59,"column":15},"end":{"line":109,"column":3}},"5":{"start":{"line":59,"column":45},"end":{"line":109,"column":1}}},"fnMap":{"0":{"name":"ExposureCard","decl":{"start":{"line":17,"column":16},"end":{"line":17,"column":28}},"loc":{"start":{"line":26,"column":22},"end":{"line":57,"column":1}},"line":26},"1":{"name":"(anonymous_1)","decl":{"start":{"line":28,"column":51},"end":{"line":28,"column":52}},"loc":{"start":{"line":28,"column":58},"end":{"line":28,"column":76}},"line":28},"2":{"name":"(anonymous_2)","decl":{"start":{"line":59,"column":33},"end":{"line":59,"column":34}},"loc":{"start":{"line":59,"column":45},"end":{"line":109,"column":1}},"line":59}},"branchMap":{"0":{"loc":{"start":{"line":28,"column":23},"end":{"line":28,"column":84}},"type":"cond-expr","locations":[{"start":{"line":28,"column":32},"end":{"line":28,"column":77}},{"start":{"line":28,"column":80},"end":{"line":28,"column":84}}],"line":28},"1":{"loc":{"start":{"line":43,"column":11},"end":{"line":43,"column":85}},"type":"binary-expr","locations":[{"start":{"line":43,"column":11},"end":{"line":43,"column":23}},{"start":{"line":43,"column":27},"end":{"line":43,"column":85}}],"line":43},"2":{"loc":{"start":{"line":47,"column":7},"end":{"line":51,"column":7}},"type":"binary-expr","locations":[{"start":{"line":47,"column":7},"end":{"line":47,"column":12}},{"start":{"line":48,"column":8},"end":{"line":50,"column":15}}],"line":47},"3":{"loc":{"start":{"line":52,"column":7},"end":{"line":54,"column":7}},"type":"binary-expr","locations":[{"start":{"line":52,"column":7},"end":{"line":52,"column":19}},{"start":{"line":53,"column":8},"end":{"line":53,"column":69}}],"line":52}},"s":{"0":5,"1":5,"2":0,"3":5,"4":1,"5":1},"f":{"0":5,"1":0,"2":1},"b":{"0":[0,5],"1":[5,0],"2":[5,1],"3":[5,1]},"_coverageSchema":"1a1c01bbd47fc00a2c39e90264f33305004495a9","hash":"1f7f8ce4fd3e612bd683dfceb840ee0b50f47022"}
,"/Users/jonloss/Git/FoodExposure/src/components/FoodCard.tsx": {"path":"/Users/jonloss/Git/FoodExposure/src/components/FoodCard.tsx","statementMap":{"0":{"start":{"line":23,"column":25},"end":{"line":23,"column":50}},"1":{"start":{"line":24,"column":22},"end":{"line":24,"column":70}},"2":{"start":{"line":26,"column":2},"end":{"line":59,"column":4}},"3":{"start":{"line":62,"column":15},"end":{"line":122,"column":3}},"4":{"start":{"line":62,"column":45},"end":{"line":122,"column":1}}},"fnMap":{"0":{"name":"FoodCard","decl":{"start":{"line":15,"column":16},"end":{"line":15,"column":24}},"loc":{"start":{"line":22,"column":18},"end":{"line":60,"column":1}},"line":22},"1":{"name":"(anonymous_1)","decl":{"start":{"line":62,"column":33},"end":{"line":62,"column":34}},"loc":{"start":{"line":62,"column":45},"end":{"line":122,"column":1}},"line":62}},"branchMap":{"0":{"loc":{"start":{"line":24,"column":22},"end":{"line":24,"column":70}},"type":"cond-expr","locations":[{"start":{"line":24,"column":37},"end":{"line":24,"column":63}},{"start":{"line":24,"column":66},"end":{"line":24,"column":70}}],"line":24},"1":{"loc":{"start":{"line":37,"column":13},"end":{"line":44,"column":13}},"type":"binary-expr","locations":[{"start":{"line":37,"column":13},"end":{"line":37,"column":24}},{"start":{"line":38,"column":14},"end":{"line":43,"column":21}}],"line":37},"2":{"loc":{"start":{"line":45,"column":13},"end":{"line":49,"column":13}},"type":"binary-expr","locations":[{"start":{"line":45,"column":13},"end":{"line":45,"column":23}},{"start":{"line":46,"column":14},"end":{"line":48,"column":21}}],"line":45},"3":{"loc":{"start":{"line":55,"column":15},"end":{"line":55,"column":46}},"type":"binary-expr","locations":[{"start":{"line":55,"column":15},"end":{"line":55,"column":33}},{"start":{"line":55,"column":37},"end":{"line":55,"column":46}}],"line":55}},"s":{"0":6,"1":6,"2":6,"3":1,"4":1},"f":{"0":6,"1":1},"b":{"0":[1,5],"1":[6,1],"2":[6,1],"3":[6,5]},"_coverageSchema":"1a1c01bbd47fc00a2c39e90264f33305004495a9","hash":"7b4230c280391a7cd59cef9de4a3efbf197e8de9"}
,"/Users/jonloss/Git/FoodExposure/src/components/ProgressBar.tsx": {"path":"/Users/jonloss/Git/FoodExposure/src/components/ProgressBar.tsx","statementMap":{"0":{"start":{"line":19,"column":19},"end":{"line":19,"column":48}},"1":{"start":{"line":21,"column":2},"end":{"line":41,"column":4}},"2":{"start":{"line":44,"column":15},"end":{"line":61,"column":3}},"3":{"start":{"line":44,"column":45},"end":{"line":61,"column":1}}},"fnMap":{"0":{"name":"ProgressBar","decl":{"start":{"line":12,"column":16},"end":{"line":12,"column":27}},"loc":{"start":{"line":18,"column":21},"end":{"line":42,"column":1}},"line":18},"1":{"name":"(anonymous_1)","decl":{"start":{"line":44,"column":33},"end":{"line":44,"column":34}},"loc":{"start":{"line":44,"column":45},"end":{"line":61,"column":1}},"line":44}},"branchMap":{"0":{"loc":{"start":{"line":14,"column":2},"end":{"line":14,"column":13}},"type":"default-arg","locations":[{"start":{"line":14,"column":11},"end":{"line":14,"column":13}}],"line":14},"1":{"loc":{"start":{"line":15,"column":2},"end":{"line":15,"column":19}},"type":"default-arg","locations":[{"start":{"line":15,"column":10},"end":{"line":15,"column":19}}],"line":15},"2":{"loc":{"start":{"line":16,"column":2},"end":{"line":16,"column":18}},"type":"default-arg","locations":[{"start":{"line":16,"column":14},"end":{"line":16,"column":18}}],"line":16},"3":{"loc":{"start":{"line":17,"column":2},"end":{"line":17,"column":12}},"type":"default-arg","locations":[{"start":{"line":17,"column":11},"end":{"line":17,"column":12}}],"line":17},"4":{"loc":{"start":{"line":23,"column":7},"end":{"line":27,"column":7}},"type":"binary-expr","locations":[{"start":{"line":23,"column":7},"end":{"line":23,"column":16}},{"start":{"line":24,"column":8},"end":{"line":26,"column":15}}],"line":23}},"s":{"0":10,"1":10,"2":2,"3":2},"f":{"0":10,"1":2},"b":{"0":[7],"1":[4],"2":[9],"3":[4],"4":[10,9]},"_coverageSchema":"1a1c01bbd47fc00a2c39e90264f33305004495a9","hash":"2a010f4b2d601a4a682735c75a638c4140fd5824"}
,"/Users/jonloss/Git/FoodExposure/src/components/RatingPicker.tsx": {"path":"/Users/jonloss/Git/FoodExposure/src/components/RatingPicker.tsx","statementMap":{"0":{"start":{"line":11,"column":2},"end":{"line":34,"column":4}},"1":{"start":{"line":14,"column":8},"end":{"line":31,"column":20}},"2":{"start":{"line":20,"column":25},"end":{"line":20,"column":47}},"3":{"start":{"line":37,"column":15},"end":{"line":69,"column":3}},"4":{"start":{"line":37,"column":45},"end":{"line":69,"column":1}}},"fnMap":{"0":{"name":"RatingPicker","decl":{"start":{"line":10,"column":16},"end":{"line":10,"column":28}},"loc":{"start":{"line":10,"column":69},"end":{"line":35,"column":1}},"line":10},"1":{"name":"(anonymous_1)","decl":{"start":{"line":13,"column":25},"end":{"line":13,"column":26}},"loc":{"start":{"line":14,"column":8},"end":{"line":31,"column":20}},"line":14},"2":{"name":"(anonymous_2)","decl":{"start":{"line":20,"column":19},"end":{"line":20,"column":20}},"loc":{"start":{"line":20,"column":25},"end":{"line":20,"column":47}},"line":20},"3":{"name":"(anonymous_3)","decl":{"start":{"line":37,"column":33},"end":{"line":37,"column":34}},"loc":{"start":{"line":37,"column":45},"end":{"line":69,"column":1}},"line":37}},"branchMap":{"0":{"loc":{"start":{"line":18,"column":12},"end":{"line":18,"column":53}},"type":"binary-expr","locations":[{"start":{"line":18,"column":12},"end":{"line":18,"column":34}},{"start":{"line":18,"column":38},"end":{"line":18,"column":53}}],"line":18},"1":{"loc":{"start":{"line":26,"column":14},"end":{"line":26,"column":60}},"type":"binary-expr","locations":[{"start":{"line":26,"column":14},"end":{"line":26,"column":36}},{"start":{"line":26,"column":40},"end":{"line":26,"column":60}}],"line":26}},"s":{"0":3,"1":15,"2":3,"3":1,"4":1},"f":{"0":3,"1":15,"2":3,"3":1},"b":{"0":[15,0],"1":[15,0]},"_coverageSchema":"1a1c01bbd47fc00a2c39e90264f33305004495a9","hash":"b8129b0d7f598ff740594da512616fa4cc66e384"}
,"/Users/jonloss/Git/FoodExposure/src/components/StageIndicator.tsx": {"path":"/Users/jonloss/Git/FoodExposure/src/components/StageIndicator.tsx","statementMap":{"0":{"start":{"line":12,"column":22},"end":{"line":34,"column":1}},"1":{"start":{"line":36,"column":23},"end":{"line":40,"column":1}},"2":{"start":{"line":48,"column":23},"end":{"line":48,"column":76}},"3":{"start":{"line":50,"column":2},"end":{"line":90,"column":4}},"4":{"start":{"line":53,"column":23},"end":{"line":53,"column":42}},"5":{"start":{"line":54,"column":25},"end":{"line":54,"column":46}},"6":{"start":{"line":55,"column":26},"end":{"line":55,"column":48}},"7":{"start":{"line":58,"column":10},"end":{"line":76,"column":17}},"8":{"start":{"line":79,"column":8},"end":{"line":85,"column":9}},"9":{"start":{"line":80,"column":10},"end":{"line":84,"column":12}},"10":{"start":{"line":81,"column":50},"end":{"line":81,"column":70}},"11":{"start":{"line":87,"column":8},"end":{"line":87,"column":19}},"12":{"start":{"line":93,"column":15},"end":{"line":110,"column":3}},"13":{"start":{"line":93,"column":45},"end":{"line":110,"column":1}}},"fnMap":{"0":{"name":"StageIndicator","decl":{"start":{"line":42,"column":16},"end":{"line":42,"column":30}},"loc":{"start":{"line":47,"column":24},"end":{"line":91,"column":1}},"line":47},"1":{"name":"(anonymous_1)","decl":{"start":{"line":52,"column":23},"end":{"line":52,"column":24}},"loc":{"start":{"line":52,"column":41},"end":{"line":88,"column":7}},"line":52},"2":{"name":"(anonymous_2)","decl":{"start":{"line":81,"column":44},"end":{"line":81,"column":45}},"loc":{"start":{"line":81,"column":50},"end":{"line":81,"column":70}},"line":81},"3":{"name":"(anonymous_3)","decl":{"start":{"line":93,"column":33},"end":{"line":93,"column":34}},"loc":{"start":{"line":93,"column":45},"end":{"line":110,"column":1}},"line":93}},"branchMap":{"0":{"loc":{"start":{"line":45,"column":2},"end":{"line":45,"column":13}},"type":"default-arg","locations":[{"start":{"line":45,"column":9},"end":{"line":45,"column":13}}],"line":45},"1":{"loc":{"start":{"line":46,"column":2},"end":{"line":46,"column":21}},"type":"default-arg","locations":[{"start":{"line":46,"column":16},"end":{"line":46,"column":21}}],"line":46},"2":{"loc":{"start":{"line":48,"column":23},"end":{"line":48,"column":76}},"type":"cond-expr","locations":[{"start":{"line":48,"column":38},"end":{"line":48,"column":71}},{"start":{"line":48,"column":74},"end":{"line":48,"column":76}}],"line":48},"3":{"loc":{"start":{"line":63,"column":33},"end":{"line":63,"column":68}},"type":"cond-expr","locations":[{"start":{"line":63,"column":44},"end":{"line":63,"column":56}},{"start":{"line":63,"column":59},"end":{"line":63,"column":68}}],"line":63},"4":{"loc":{"start":{"line":64,"column":14},"end":{"line":64,"column":44}},"type":"binary-expr","locations":[{"start":{"line":64,"column":14},"end":{"line":64,"column":23}},{"start":{"line":64,"column":27},"end":{"line":64,"column":44}}],"line":64},"5":{"loc":{"start":{"line":68,"column":13},"end":{"line":75,"column":13}},"type":"binary-expr","locations":[{"start":{"line":68,"column":13},"end":{"line":68,"column":26}},{"start":{"line":69,"column":14},"end":{"line":74,"column":21}}],"line":68},"6":{"loc":{"start":{"line":70,"column":47},"end":{"line":70,"column":82}},"type":"cond-expr","locations":[{"start":{"line":70,"column":58},"end":{"line":70,"column":70}},{"start":{"line":70,"column":73},"end":{"line":70,"column":82}}],"line":70},"7":{"loc":{"start":{"line":79,"column":8},"end":{"line":85,"column":9}},"type":"if","locations":[{"start":{"line":79,"column":8},"end":{"line":85,"column":9}},{"start":{},"end":{}}],"line":79},"8":{"loc":{"start":{"line":79,"column":12},"end":{"line":79,"column":40}},"type":"binary-expr","locations":[{"start":{"line":79,"column":12},"end":{"line":79,"column":23}},{"start":{"line":79,"column":27},"end":{"line":79,"column":40}}],"line":79}},"s":{"0":1,"1":1,"2":3,"3":3,"4":18,"5":18,"6":18,"7":18,"8":18,"9":6,"10":1,"11":12,"12":1,"13":1},"f":{"0":3,"1":18,"2":1,"3":1},"b":{"0":[1],"1":[2],"2":[0,3],"3":[0,18],"4":[18,0],"5":[18,18],"6":[0,18],"7":[6,12],"8":[18,6]},"_coverageSchema":"1a1c01bbd47fc00a2c39e90264f33305004495a9","hash":"2b7c708af9000b17821036233f51ab101f12516a"}
,"/Users/jonloss/Git/FoodExposure/src/db/client.ts": {"path":"/Users/jonloss/Git/FoodExposure/src/db/client.ts","statementMap":{"0":{"start":{"line":5,"column":15},"end":{"line":5,"column":81}},"1":{"start":{"line":7,"column":18},"end":{"line":7,"column":45}}},"fnMap":{},"branchMap":{},"s":{"0":0,"1":0},"f":{},"b":{}}
,"/Users/jonloss/Git/FoodExposure/src/db/schema.ts": {"path":"/Users/jonloss/Git/FoodExposure/src/db/schema.ts","statementMap":{"0":{"start":{"line":3,"column":24},"end":{"line":9,"column":2}},"1":{"start":{"line":11,"column":21},"end":{"line":19,"column":2}},"2":{"start":{"line":13,"column":47},"end":{"line":13,"column":58}},"3":{"start":{"line":21,"column":24},"end":{"line":30,"column":2}},"4":{"start":{"line":23,"column":47},"end":{"line":23,"column":58}},"5":{"start":{"line":32,"column":21},"end":{"line":42,"column":2}},"6":{"start":{"line":34,"column":47},"end":{"line":34,"column":58}},"7":{"start":{"line":44,"column":25},"end":{"line":60,"column":2}},"8":{"start":{"line":46,"column":45},"end":{"line":46,"column":56}},"9":{"start":{"line":47,"column":43},"end":{"line":47,"column":51}},"10":{"start":{"line":56,"column":47},"end":{"line":56,"column":55}},"11":{"start":{"line":62,"column":26},"end":{"line":70,"column":2}},"12":{"start":{"line":64,"column":45},"end":{"line":64,"column":56}},"13":{"start":{"line":65,"column":56},"end":{"line":65,"column":64}},"14":{"start":{"line":66,"column":56},"end":{"line":66,"column":64}}},"fnMap":{"0":{"name":"(anonymous_0)","decl":{"start":{"line":13,"column":41},"end":{"line":13,"column":42}},"loc":{"start":{"line":13,"column":47},"end":{"line":13,"column":58}},"line":13},"1":{"name":"(anonymous_1)","decl":{"start":{"line":23,"column":41},"end":{"line":23,"column":42}},"loc":{"start":{"line":23,"column":47},"end":{"line":23,"column":58}},"line":23},"2":{"name":"(anonymous_2)","decl":{"start":{"line":34,"column":41},"end":{"line":34,"column":42}},"loc":{"start":{"line":34,"column":47},"end":{"line":34,"column":58}},"line":34},"3":{"name":"(anonymous_3)","decl":{"start":{"line":46,"column":39},"end":{"line":46,"column":40}},"loc":{"start":{"line":46,"column":45},"end":{"line":46,"column":56}},"line":46},"4":{"name":"(anonymous_4)","decl":{"start":{"line":47,"column":37},"end":{"line":47,"column":38}},"loc":{"start":{"line":47,"column":43},"end":{"line":47,"column":51}},"line":47},"5":{"name":"(anonymous_5)","decl":{"start":{"line":56,"column":41},"end":{"line":56,"column":42}},"loc":{"start":{"line":56,"column":47},"end":{"line":56,"column":55}},"line":56},"6":{"name":"(anonymous_6)","decl":{"start":{"line":64,"column":39},"end":{"line":64,"column":40}},"loc":{"start":{"line":64,"column":45},"end":{"line":64,"column":56}},"line":64},"7":{"name":"(anonymous_7)","decl":{"start":{"line":65,"column":50},"end":{"line":65,"column":51}},"loc":{"start":{"line":65,"column":56},"end":{"line":65,"column":64}},"line":65},"8":{"name":"(anonymous_8)","decl":{"start":{"line":66,"column":50},"end":{"line":66,"column":51}},"loc":{"start":{"line":66,"column":56},"end":{"line":66,"column":64}},"line":66}},"branchMap":{},"s":{"0":1,"1":1,"2":0,"3":1,"4":0,"5":1,"6":0,"7":1,"8":0,"9":0,"10":0,"11":1,"12":0,"13":0,"14":0},"f":{"0":0,"1":0,"2":0,"3":0,"4":0,"5":0,"6":0,"7":0,"8":0},"b":{},"_coverageSchema":"1a1c01bbd47fc00a2c39e90264f33305004495a9","hash":"47fa397be4aac19aced4693a8e905d19200fd186"}
,"/Users/jonloss/Git/FoodExposure/src/lib/constants.ts": {"path":"/Users/jonloss/Git/FoodExposure/src/lib/constants.ts","statementMap":{"0":{"start":{"line":1,"column":27},"end":{"line":1,"column":94}},"1":{"start":{"line":4,"column":120},"end":{"line":11,"column":1}},"2":{"start":{"line":13,"column":31},"end":{"line":13,"column":100}},"3":{"start":{"line":16,"column":101},"end":{"line":23,"column":1}},"4":{"start":{"line":25,"column":29},"end":{"line":31,"column":10}},"5":{"start":{"line":33,"column":32},"end":{"line":33,"column":34}},"6":{"start":{"line":35,"column":26},"end":{"line":35,"column":76}},"7":{"start":{"line":36,"column":24},"end":{"line":36,"column":76}},"8":{"start":{"line":37,"column":28},"end":{"line":37,"column":68}},"9":{"start":{"line":38,"column":24},"end":{"line":38,"column":80}},"10":{"start":{"line":39,"column":28},"end":{"line":39,"column":115}}},"fnMap":{},"branchMap":{},"s":{"0":6,"1":6,"2":6,"3":6,"4":6,"5":6,"6":6,"7":6,"8":6,"9":6,"10":6},"f":{},"b":{},"_coverageSchema":"1a1c01bbd47fc00a2c39e90264f33305004495a9","hash":"5c537cc6b0688140e27c602d4ef56e9aaa4cde5c"}
,"/Users/jonloss/Git/FoodExposure/src/lib/posthog.ts": {"path":"/Users/jonloss/Git/FoodExposure/src/lib/posthog.ts","statementMap":{"0":{"start":{"line":3,"column":24},"end":{"line":3,"column":63}},"1":{"start":{"line":4,"column":21},"end":{"line":4,"column":87}},"2":{"start":{"line":6,"column":30},"end":{"line":6,"column":34}},"3":{"start":{"line":9,"column":2},"end":{"line":9,"column":31}},"4":{"start":{"line":9,"column":24},"end":{"line":9,"column":31}},"5":{"start":{"line":11,"column":2},"end":{"line":13,"column":5}},"6":{"start":{"line":17,"column":2},"end":{"line":17,"column":38}},"7":{"start":{"line":21,"column":2},"end":{"line":21,"column":40}}},"fnMap":{"0":{"name":"initPostHog","decl":{"start":{"line":8,"column":22},"end":{"line":8,"column":33}},"loc":{"start":{"line":8,"column":36},"end":{"line":14,"column":1}},"line":8},"1":{"name":"captureEvent","decl":{"start":{"line":16,"column":16},"end":{"line":16,"column":28}},"loc":{"start":{"line":16,"column":78},"end":{"line":18,"column":1}},"line":16},"2":{"name":"identifyUser","decl":{"start":{"line":20,"column":16},"end":{"line":20,"column":28}},"loc":{"start":{"line":20,"column":79},"end":{"line":22,"column":1}},"line":20}},"branchMap":{"0":{"loc":{"start":{"line":4,"column":21},"end":{"line":4,"column":87}},"type":"binary-expr","locations":[{"start":{"line":4,"column":21},"end":{"line":4,"column":57}},{"start":{"line":4,"column":61},"end":{"line":4,"column":87}}],"line":4},"1":{"loc":{"start":{"line":9,"column":2},"end":{"line":9,"column":31}},"type":"if","locations":[{"start":{"line":9,"column":2},"end":{"line":9,"column":31}},{"start":{},"end":{}}],"line":9}},"s":{"0":0,"1":0,"2":0,"3":0,"4":0,"5":0,"6":0,"7":0},"f":{"0":0,"1":0,"2":0},"b":{"0":[0,0],"1":[0,0]}}
,"/Users/jonloss/Git/FoodExposure/src/lib/sentry.ts": {"path":"/Users/jonloss/Git/FoodExposure/src/lib/sentry.ts","statementMap":{"0":{"start":{"line":3,"column":19},"end":{"line":3,"column":53}},"1":{"start":{"line":6,"column":2},"end":{"line":6,"column":26}},"2":{"start":{"line":6,"column":19},"end":{"line":6,"column":26}},"3":{"start":{"line":8,"column":2},"end":{"line":14,"column":5}}},"fnMap":{"0":{"name":"initSentry","decl":{"start":{"line":5,"column":16},"end":{"line":5,"column":26}},"loc":{"start":{"line":5,"column":29},"end":{"line":15,"column":1}},"line":5}},"branchMap":{"0":{"loc":{"start":{"line":6,"column":2},"end":{"line":6,"column":26}},"type":"if","locations":[{"start":{"line":6,"column":2},"end":{"line":6,"column":26}},{"start":{},"end":{}}],"line":6},"1":{"loc":{"start":{"line":13,"column":17},"end":{"line":13,"column":55}},"type":"cond-expr","locations":[{"start":{"line":13,"column":27},"end":{"line":13,"column":40}},{"start":{"line":13,"column":43},"end":{"line":13,"column":55}}],"line":13}},"s":{"0":0,"1":0,"2":0,"3":0},"f":{"0":0},"b":{"0":[0,0],"1":[0,0]}}
,"/Users/jonloss/Git/FoodExposure/src/lib/utils.ts": {"path":"/Users/jonloss/Git/FoodExposure/src/lib/utils.ts","statementMap":{"0":{"start":{"line":5,"column":2},"end":{"line":5,"column":18}},"1":{"start":{"line":9,"column":16},"end":{"line":9,"column":50}},"2":{"start":{"line":10,"column":13},"end":{"line":10,"column":15}},"3":{"start":{"line":11,"column":2},"end":{"line":13,"column":3}},"4":{"start":{"line":11,"column":15},"end":{"line":11,"column":16}},"5":{"start":{"line":12,"column":4},"end":{"line":12,"column":67}},"6":{"start":{"line":14,"column":2},"end":{"line":14,"column":14}},"7":{"start":{"line":18,"column":2},"end":{"line":18,"column":36}},"8":{"start":{"line":22,"column":2},"end":{"line":22,"column":45}},"9":{"start":{"line":26,"column":2},"end":{"line":26,"column":37}},"10":{"start":{"line":30,"column":2},"end":{"line":30,"column":95}},"11":{"start":{"line":34,"column":14},"end":{"line":34,"column":24}},"12":{"start":{"line":35,"column":15},"end":{"line":35,"column":45}},"13":{"start":{"line":36,"column":15},"end":{"line":36,"column":55}},"14":{"start":{"line":38,"column":2},"end":{"line":38,"column":33}},"15":{"start":{"line":38,"column":18},"end":{"line":38,"column":33}},"16":{"start":{"line":39,"column":2},"end":{"line":39,"column":37}},"17":{"start":{"line":39,"column":18},"end":{"line":39,"column":37}},"18":{"start":{"line":40,"column":2},"end":{"line":40,"column":42}},"19":{"start":{"line":40,"column":16},"end":{"line":40,"column":42}},"20":{"start":{"line":41,"column":2},"end":{"line":41,"column":26}},"21":{"start":{"line":45,"column":12},"end":{"line":45,"column":26}},"22":{"start":{"line":46,"column":2},"end":{"line":46,"column":25}},"23":{"start":{"line":47,"column":2},"end":{"line":47,"column":11}},"24":{"start":{"line":51,"column":12},"end":{"line":51,"column":26}},"25":{"start":{"line":52,"column":14},"end":{"line":52,"column":24}},"26":{"start":{"line":53,"column":2},"end":{"line":53,"column":31}},"27":{"start":{"line":54,"column":2},"end":{"line":54,"column":25}},"28":{"start":{"line":55,"column":2},"end":{"line":55,"column":11}}},"fnMap":{"0":{"name":"generateId","decl":{"start":{"line":4,"column":16},"end":{"line":4,"column":26}},"loc":{"start":{"line":4,"column":37},"end":{"line":6,"column":1}},"line":4},"1":{"name":"generateInviteCode","decl":{"start":{"line":8,"column":16},"end":{"line":8,"column":34}},"loc":{"start":{"line":8,"column":45},"end":{"line":15,"column":1}},"line":8},"2":{"name":"getStageIndex","decl":{"start":{"line":17,"column":16},"end":{"line":17,"column":29}},"loc":{"start":{"line":17,"column":60},"end":{"line":19,"column":1}},"line":17},"3":{"name":"isStageHigher","decl":{"start":{"line":21,"column":16},"end":{"line":21,"column":29}},"loc":{"start":{"line":21,"column":75},"end":{"line":23,"column":1}},"line":21},"4":{"name":"getExposureProgress","decl":{"start":{"line":25,"column":16},"end":{"line":25,"column":35}},"loc":{"start":{"line":25,"column":80},"end":{"line":27,"column":1}},"line":25},"5":{"name":"formatDate","decl":{"start":{"line":29,"column":16},"end":{"line":29,"column":26}},"loc":{"start":{"line":29,"column":47},"end":{"line":31,"column":1}},"line":29},"6":{"name":"formatRelativeDate","decl":{"start":{"line":33,"column":16},"end":{"line":33,"column":34}},"loc":{"start":{"line":33,"column":55},"end":{"line":42,"column":1}},"line":33},"7":{"name":"getStartOfDay","decl":{"start":{"line":44,"column":16},"end":{"line":44,"column":29}},"loc":{"start":{"line":44,"column":61},"end":{"line":48,"column":1}},"line":44},"8":{"name":"getStartOfWeek","decl":{"start":{"line":50,"column":16},"end":{"line":50,"column":30}},"loc":{"start":{"line":50,"column":62},"end":{"line":56,"column":1}},"line":50}},"branchMap":{"0":{"loc":{"start":{"line":25,"column":51},"end":{"line":25,"column":70}},"type":"default-arg","locations":[{"start":{"line":25,"column":68},"end":{"line":25,"column":70}}],"line":25},"1":{"loc":{"start":{"line":38,"column":2},"end":{"line":38,"column":33}},"type":"if","locations":[{"start":{"line":38,"column":2},"end":{"line":38,"column":33}},{"start":{},"end":{}}],"line":38},"2":{"loc":{"start":{"line":39,"column":2},"end":{"line":39,"column":37}},"type":"if","locations":[{"start":{"line":39,"column":2},"end":{"line":39,"column":37}},{"start":{},"end":{}}],"line":39},"3":{"loc":{"start":{"line":40,"column":2},"end":{"line":40,"column":42}},"type":"if","locations":[{"start":{"line":40,"column":2},"end":{"line":40,"column":42}},{"start":{},"end":{}}],"line":40},"4":{"loc":{"start":{"line":44,"column":30},"end":{"line":44,"column":53}},"type":"default-arg","locations":[{"start":{"line":44,"column":43},"end":{"line":44,"column":53}}],"line":44},"5":{"loc":{"start":{"line":50,"column":31},"end":{"line":50,"column":54}},"type":"default-arg","locations":[{"start":{"line":50,"column":44},"end":{"line":50,"column":54}}],"line":50}},"s":{"0":102,"1":101,"2":101,"3":101,"4":101,"5":606,"6":101,"7":20,"8":7,"9":8,"10":2,"11":9,"12":9,"13":9,"14":9,"15":6,"16":3,"17":1,"18":2,"19":1,"20":1,"21":4,"22":4,"23":4,"24":3,"25":3,"26":3,"27":3,"28":3},"f":{"0":102,"1":101,"2":20,"3":7,"4":8,"5":2,"6":9,"7":4,"8":3},"b":{"0":[3],"1":[6,3],"2":[1,2],"3":[1,1],"4":[1],"5":[0]},"_coverageSchema":"1a1c01bbd47fc00a2c39e90264f33305004495a9","hash":"2c88bede7813988ced8b4ddbfff41eecb07c77c2"}
,"/Users/jonloss/Git/FoodExposure/src/lib/validation.ts": {"path":"/Users/jonloss/Git/FoodExposure/src/lib/validation.ts","statementMap":{"0":{"start":{"line":3,"column":27},"end":{"line":8,"column":2}},"1":{"start":{"line":12,"column":26},"end":{"line":17,"column":2}},"2":{"start":{"line":21,"column":30},"end":{"line":32,"column":2}},"3":{"start":{"line":36,"column":27},"end":{"line":39,"column":2}},"4":{"start":{"line":43,"column":30},"end":{"line":46,"column":2}},"5":{"start":{"line":50,"column":32},"end":{"line":55,"column":2}}},"fnMap":{},"branchMap":{},"s":{"0":1,"1":1,"2":1,"3":1,"4":1,"5":1},"f":{},"b":{},"_coverageSchema":"1a1c01bbd47fc00a2c39e90264f33305004495a9","hash":"7b06acdd428db1c4bf79fa18429165fade720779"}
,"/Users/jonloss/Git/FoodExposure/src/stores/auth-store.ts": {"path":"/Users/jonloss/Git/FoodExposure/src/stores/auth-store.ts","statementMap":{"0":{"start":{"line":5,"column":16},"end":{"line":5,"column":50}},"1":{"start":{"line":7,"column":20},"end":{"line":11,"column":1}},"2":{"start":{"line":8,"column":29},"end":{"line":8,"column":60}},"3":{"start":{"line":9,"column":44},"end":{"line":9,"column":68}},"4":{"start":{"line":10,"column":32},"end":{"line":10,"column":52}},"5":{"start":{"line":26,"column":28},"end":{"line":45,"column":1}},"6":{"start":{"line":28,"column":14},"end":{"line":39,"column":5}},"7":{"start":{"line":35,"column":23},"end":{"line":35,"column":62}},"8":{"start":{"line":36,"column":20},"end":{"line":36,"column":113}},"9":{"start":{"line":37,"column":31},"end":{"line":37,"column":58}},"10":{"start":{"line":38,"column":33},"end":{"line":38,"column":50}},"11":{"start":{"line":42,"column":39},"end":{"line":42,"column":50}}},"fnMap":{"0":{"name":"(anonymous_0)","decl":{"start":{"line":8,"column":11},"end":{"line":8,"column":12}},"loc":{"start":{"line":8,"column":29},"end":{"line":8,"column":60}},"line":8},"1":{"name":"(anonymous_1)","decl":{"start":{"line":9,"column":11},"end":{"line":9,"column":12}},"loc":{"start":{"line":9,"column":44},"end":{"line":9,"column":68}},"line":9},"2":{"name":"(anonymous_2)","decl":{"start":{"line":10,"column":14},"end":{"line":10,"column":15}},"loc":{"start":{"line":10,"column":32},"end":{"line":10,"column":52}},"line":10},"3":{"name":"(anonymous_3)","decl":{"start":{"line":28,"column":4},"end":{"line":28,"column":5}},"loc":{"start":{"line":28,"column":14},"end":{"line":39,"column":5}},"line":28},"4":{"name":"(anonymous_4)","decl":{"start":{"line":35,"column":13},"end":{"line":35,"column":14}},"loc":{"start":{"line":35,"column":23},"end":{"line":35,"column":62}},"line":35},"5":{"name":"(anonymous_5)","decl":{"start":{"line":36,"column":14},"end":{"line":36,"column":15}},"loc":{"start":{"line":36,"column":20},"end":{"line":36,"column":113}},"line":36},"6":{"name":"(anonymous_6)","decl":{"start":{"line":37,"column":20},"end":{"line":37,"column":21}},"loc":{"start":{"line":37,"column":31},"end":{"line":37,"column":58}},"line":37},"7":{"name":"(anonymous_7)","decl":{"start":{"line":38,"column":19},"end":{"line":38,"column":20}},"loc":{"start":{"line":38,"column":33},"end":{"line":38,"column":50}},"line":38},"8":{"name":"(anonymous_8)","decl":{"start":{"line":42,"column":33},"end":{"line":42,"column":34}},"loc":{"start":{"line":42,"column":39},"end":{"line":42,"column":50}},"line":42}},"branchMap":{"0":{"loc":{"start":{"line":8,"column":29},"end":{"line":8,"column":60}},"type":"binary-expr","locations":[{"start":{"line":8,"column":29},"end":{"line":8,"column":52}},{"start":{"line":8,"column":56},"end":{"line":8,"column":60}}],"line":8}},"s":{"0":1,"1":1,"2":1,"3":11,"4":0,"5":1,"6":1,"7":2,"8":1,"9":2,"10":1,"11":1},"f":{"0":1,"1":11,"2":0,"3":1,"4":2,"5":1,"6":2,"7":1,"8":1},"b":{"0":[1,1]},"_coverageSchema":"1a1c01bbd47fc00a2c39e90264f33305004495a9","hash":"7eff28b8de9b8231211d42621015d90f04466119"}
,"/Users/jonloss/Git/FoodExposure/src/stores/child-store.ts": {"path":"/Users/jonloss/Git/FoodExposure/src/stores/child-store.ts","statementMap":{"0":{"start":{"line":5,"column":16},"end":{"line":5,"column":51}},"1":{"start":{"line":7,"column":20},"end":{"line":11,"column":1}},"2":{"start":{"line":8,"column":29},"end":{"line":8,"column":60}},"3":{"start":{"line":9,"column":44},"end":{"line":9,"column":68}},"4":{"start":{"line":10,"column":32},"end":{"line":10,"column":52}},"5":{"start":{"line":18,"column":29},"end":{"line":29,"column":1}},"6":{"start":{"line":20,"column":14},"end":{"line":23,"column":5}},"7":{"start":{"line":22,"column":27},"end":{"line":22,"column":55}},"8":{"start":{"line":26,"column":39},"end":{"line":26,"column":50}}},"fnMap":{"0":{"name":"(anonymous_0)","decl":{"start":{"line":8,"column":11},"end":{"line":8,"column":12}},"loc":{"start":{"line":8,"column":29},"end":{"line":8,"column":60}},"line":8},"1":{"name":"(anonymous_1)","decl":{"start":{"line":9,"column":11},"end":{"line":9,"column":12}},"loc":{"start":{"line":9,"column":44},"end":{"line":9,"column":68}},"line":9},"2":{"name":"(anonymous_2)","decl":{"start":{"line":10,"column":14},"end":{"line":10,"column":15}},"loc":{"start":{"line":10,"column":32},"end":{"line":10,"column":52}},"line":10},"3":{"name":"(anonymous_3)","decl":{"start":{"line":20,"column":4},"end":{"line":20,"column":5}},"loc":{"start":{"line":20,"column":14},"end":{"line":23,"column":5}},"line":20},"4":{"name":"(anonymous_4)","decl":{"start":{"line":22,"column":19},"end":{"line":22,"column":20}},"loc":{"start":{"line":22,"column":27},"end":{"line":22,"column":55}},"line":22},"5":{"name":"(anonymous_5)","decl":{"start":{"line":26,"column":33},"end":{"line":26,"column":34}},"loc":{"start":{"line":26,"column":39},"end":{"line":26,"column":50}},"line":26}},"branchMap":{"0":{"loc":{"start":{"line":8,"column":29},"end":{"line":8,"column":60}},"type":"binary-expr","locations":[{"start":{"line":8,"column":29},"end":{"line":8,"column":52}},{"start":{"line":8,"column":56},"end":{"line":8,"column":60}}],"line":8}},"s":{"0":1,"1":1,"2":1,"3":6,"4":0,"5":1,"6":1,"7":3,"8":1},"f":{"0":1,"1":6,"2":0,"3":1,"4":3,"5":1},"b":{"0":[1,1]},"_coverageSchema":"1a1c01bbd47fc00a2c39e90264f33305004495a9","hash":"2446aa0fb7a900dcbf319c7c3d8f9fac495b297f"}
,"/Users/jonloss/Git/FoodExposure/src/stores/settings-store.ts": {"path":"/Users/jonloss/Git/FoodExposure/src/stores/settings-store.ts","statementMap":{"0":{"start":{"line":5,"column":16},"end":{"line":5,"column":54}},"1":{"start":{"line":7,"column":20},"end":{"line":11,"column":1}},"2":{"start":{"line":8,"column":29},"end":{"line":8,"column":60}},"3":{"start":{"line":9,"column":44},"end":{"line":9,"column":68}},"4":{"start":{"line":10,"column":32},"end":{"line":10,"column":52}},"5":{"start":{"line":24,"column":32},"end":{"line":39,"column":1}},"6":{"start":{"line":26,"column":14},"end":{"line":33,"column":5}},"7":{"start":{"line":30,"column":27},"end":{"line":30,"column":41}},"8":{"start":{"line":31,"column":34},"end":{"line":31,"column":62}},"9":{"start":{"line":32,"column":42},"end":{"line":32,"column":78}},"10":{"start":{"line":36,"column":39},"end":{"line":36,"column":50}}},"fnMap":{"0":{"name":"(anonymous_0)","decl":{"start":{"line":8,"column":11},"end":{"line":8,"column":12}},"loc":{"start":{"line":8,"column":29},"end":{"line":8,"column":60}},"line":8},"1":{"name":"(anonymous_1)","decl":{"start":{"line":9,"column":11},"end":{"line":9,"column":12}},"loc":{"start":{"line":9,"column":44},"end":{"line":9,"column":68}},"line":9},"2":{"name":"(anonymous_2)","decl":{"start":{"line":10,"column":14},"end":{"line":10,"column":15}},"loc":{"start":{"line":10,"column":32},"end":{"line":10,"column":52}},"line":10},"3":{"name":"(anonymous_3)","decl":{"start":{"line":26,"column":4},"end":{"line":26,"column":5}},"loc":{"start":{"line":26,"column":14},"end":{"line":33,"column":5}},"line":26},"4":{"name":"(anonymous_4)","decl":{"start":{"line":30,"column":16},"end":{"line":30,"column":17}},"loc":{"start":{"line":30,"column":27},"end":{"line":30,"column":41}},"line":30},"5":{"name":"(anonymous_5)","decl":{"start":{"line":31,"column":23},"end":{"line":31,"column":24}},"loc":{"start":{"line":31,"column":34},"end":{"line":31,"column":62}},"line":31},"6":{"name":"(anonymous_6)","decl":{"start":{"line":32,"column":31},"end":{"line":32,"column":32}},"loc":{"start":{"line":32,"column":42},"end":{"line":32,"column":78}},"line":32},"7":{"name":"(anonymous_7)","decl":{"start":{"line":36,"column":33},"end":{"line":36,"column":34}},"loc":{"start":{"line":36,"column":39},"end":{"line":36,"column":50}},"line":36}},"branchMap":{"0":{"loc":{"start":{"line":8,"column":29},"end":{"line":8,"column":60}},"type":"binary-expr","locations":[{"start":{"line":8,"column":29},"end":{"line":8,"column":52}},{"start":{"line":8,"column":56},"end":{"line":8,"column":60}}],"line":8}},"s":{"0":1,"1":1,"2":1,"3":14,"4":0,"5":1,"6":1,"7":4,"8":2,"9":2,"10":1},"f":{"0":1,"1":14,"2":0,"3":1,"4":4,"5":2,"6":2,"7":1},"b":{"0":[1,1]},"_coverageSchema":"1a1c01bbd47fc00a2c39e90264f33305004495a9","hash":"760150b0bbbde59ddf00d19ea83ed5bc8f790b76"}
}
