TN:
SF:src/components/Button.tsx
FN:15,Button
FN:75,(anonymous_1)
FNF:2
FNH:2
FNDA:6,Button
FNDA:1,(anonymous_1)
DA:25,6
DA:27,6
DA:33,6
DA:39,6
DA:45,6
DA:51,6
DA:75,1
LF:7
LH:7
BRDA:18,0,0,3
BRDA:19,1,0,6
BRDA:20,2,0,5
BRDA:21,3,0,6
BRDA:23,4,0,6
BRDA:57,5,0,6
BRDA:57,5,1,0
BRDA:58,6,0,6
BRDA:58,6,1,1
BRDA:61,7,0,6
BRDA:61,7,1,5
BRDA:63,8,0,0
BRDA:63,8,1,6
BRDA:64,9,0,0
BRDA:64,9,1,0
BRDA:67,10,0,6
BRDA:67,10,1,0
BRF:17
BRH:12
end_of_record
TN:
SF:src/components/ChildSelector.tsx
FN:16,ChildSelector
FN:25,(anonymous_1)
FN:31,(anonymous_2)
FN:44,(anonymous_3)
FNF:4
FNH:4
FNDA:3,ChildSelector
FNDA:6,(anonymous_1)
FNDA:1,(anonymous_2)
FNDA:1,(anonymous_3)
DA:17,3
DA:19,2
DA:26,6
DA:27,6
DA:31,1
DA:44,1
LF:6
LH:6
BRDA:17,0,0,1
BRDA:17,0,1,2
BRDA:30,1,0,6
BRDA:30,1,1,2
BRDA:34,2,0,6
BRDA:34,2,1,2
BRF:6
BRH:6
end_of_record
TN:
SF:src/components/EmptyState.tsx
FN:12,EmptyState
FN:27,(anonymous_1)
FNF:2
FNH:2
FNDA:3,EmptyState
FNDA:1,(anonymous_1)
DA:13,3
DA:27,1
LF:2
LH:2
BRDA:18,0,0,3
BRDA:18,0,1,1
BRDA:18,0,2,1
BRF:3
BRH:3
end_of_record
TN:
SF:src/components/ExposureCard.tsx
FN:17,ExposureCard
FN:28,(anonymous_1)
FN:59,(anonymous_2)
FNF:3
FNH:2
FNDA:5,ExposureCard
FNDA:0,(anonymous_1)
FNDA:1,(anonymous_2)
DA:27,5
DA:28,5
DA:30,5
DA:59,1
LF:4
LH:4
BRDA:28,0,0,0
BRDA:28,0,1,5
BRDA:43,1,0,5
BRDA:43,1,1,0
BRDA:47,2,0,5
BRDA:47,2,1,1
BRDA:52,3,0,5
BRDA:52,3,1,1
BRF:8
BRH:6
end_of_record
TN:
SF:src/components/FoodCard.tsx
FN:15,FoodCard
FN:62,(anonymous_1)
FNF:2
FNH:2
FNDA:6,FoodCard
FNDA:1,(anonymous_1)
DA:23,6
DA:24,6
DA:26,6
DA:62,1
LF:4
LH:4
BRDA:24,0,0,1
BRDA:24,0,1,5
BRDA:37,1,0,6
BRDA:37,1,1,1
BRDA:45,2,0,6
BRDA:45,2,1,1
BRDA:55,3,0,6
BRDA:55,3,1,5
BRF:8
BRH:8
end_of_record
TN:
SF:src/components/ProgressBar.tsx
FN:12,ProgressBar
FN:44,(anonymous_1)
FNF:2
FNH:2
FNDA:10,ProgressBar
FNDA:2,(anonymous_1)
DA:19,10
DA:21,10
DA:44,2
LF:3
LH:3
BRDA:14,0,0,7
BRDA:15,1,0,4
BRDA:16,2,0,9
BRDA:17,3,0,4
BRDA:23,4,0,10
BRDA:23,4,1,9
BRF:6
BRH:6
end_of_record
TN:
SF:src/components/RatingPicker.tsx
FN:10,RatingPicker
FN:13,(anonymous_1)
FN:20,(anonymous_2)
FN:37,(anonymous_3)
FNF:4
FNH:4
FNDA:3,RatingPicker
FNDA:15,(anonymous_1)
FNDA:3,(anonymous_2)
FNDA:1,(anonymous_3)
DA:11,3
DA:14,15
DA:20,3
DA:37,1
LF:4
LH:4
BRDA:18,0,0,15
BRDA:18,0,1,0
BRDA:26,1,0,15
BRDA:26,1,1,0
BRF:4
BRH:2
end_of_record
TN:
SF:src/components/StageIndicator.tsx
FN:42,StageIndicator
FN:52,(anonymous_1)
FN:81,(anonymous_2)
FN:93,(anonymous_3)
FNF:4
FNH:4
FNDA:3,StageIndicator
FNDA:18,(anonymous_1)
FNDA:1,(anonymous_2)
FNDA:1,(anonymous_3)
DA:12,1
DA:36,1
DA:48,3
DA:50,3
DA:53,18
DA:54,18
DA:55,18
DA:58,18
DA:79,18
DA:80,6
DA:81,1
DA:87,12
DA:93,1
LF:13
LH:13
BRDA:45,0,0,1
BRDA:46,1,0,2
BRDA:48,2,0,0
BRDA:48,2,1,3
BRDA:63,3,0,0
BRDA:63,3,1,18
BRDA:64,4,0,18
BRDA:64,4,1,0
BRDA:68,5,0,18
BRDA:68,5,1,18
BRDA:70,6,0,0
BRDA:70,6,1,18
BRDA:79,7,0,6
BRDA:79,7,1,12
BRDA:79,8,0,18
BRDA:79,8,1,6
BRF:16
BRH:12
end_of_record
TN:
SF:src/db/client.ts
FNF:0
FNH:0
DA:5,0
DA:7,0
LF:2
LH:0
BRF:0
BRH:0
end_of_record
TN:
SF:src/db/schema.ts
FN:13,(anonymous_0)
FN:23,(anonymous_1)
FN:34,(anonymous_2)
FN:46,(anonymous_3)
FN:47,(anonymous_4)
FN:56,(anonymous_5)
FN:64,(anonymous_6)
FN:65,(anonymous_7)
FN:66,(anonymous_8)
FNF:9
FNH:0
FNDA:0,(anonymous_0)
FNDA:0,(anonymous_1)
FNDA:0,(anonymous_2)
FNDA:0,(anonymous_3)
FNDA:0,(anonymous_4)
FNDA:0,(anonymous_5)
FNDA:0,(anonymous_6)
FNDA:0,(anonymous_7)
FNDA:0,(anonymous_8)
DA:3,1
DA:11,1
DA:13,0
DA:21,1
DA:23,0
DA:32,1
DA:34,0
DA:44,1
DA:46,0
DA:47,0
DA:56,0
DA:62,1
DA:64,0
DA:65,0
DA:66,0
LF:15
LH:6
BRF:0
BRH:0
end_of_record
TN:
SF:src/lib/constants.ts
FNF:0
FNH:0
DA:1,6
DA:4,6
DA:13,6
DA:16,6
DA:25,6
DA:33,6
DA:35,6
DA:36,6
DA:37,6
DA:38,6
DA:39,6
LF:11
LH:11
BRF:0
BRH:0
end_of_record
TN:
SF:src/lib/posthog.ts
FN:8,initPostHog
FN:16,captureEvent
FN:20,identifyUser
FNF:3
FNH:0
FNDA:0,initPostHog
FNDA:0,captureEvent
FNDA:0,identifyUser
DA:3,0
DA:4,0
DA:6,0
DA:9,0
DA:11,0
DA:17,0
DA:21,0
LF:7
LH:0
BRDA:4,0,0,0
BRDA:4,0,1,0
BRDA:9,1,0,0
BRDA:9,1,1,0
BRF:4
BRH:0
end_of_record
TN:
SF:src/lib/sentry.ts
FN:5,initSentry
FNF:1
FNH:0
FNDA:0,initSentry
DA:3,0
DA:6,0
DA:8,0
LF:3
LH:0
BRDA:6,0,0,0
BRDA:6,0,1,0
BRDA:13,1,0,0
BRDA:13,1,1,0
BRF:4
BRH:0
end_of_record
TN:
SF:src/lib/utils.ts
FN:4,generateId
FN:8,generateInviteCode
FN:17,getStageIndex
FN:21,isStageHigher
FN:25,getExposureProgress
FN:29,formatDate
FN:33,formatRelativeDate
FN:44,getStartOfDay
FN:50,getStartOfWeek
FNF:9
FNH:9
FNDA:102,generateId
FNDA:101,generateInviteCode
FNDA:20,getStageIndex
FNDA:7,isStageHigher
FNDA:8,getExposureProgress
FNDA:2,formatDate
FNDA:9,formatRelativeDate
FNDA:4,getStartOfDay
FNDA:3,getStartOfWeek
DA:5,102
DA:9,101
DA:10,101
DA:11,101
DA:12,606
DA:14,101
DA:18,20
DA:22,7
DA:26,8
DA:30,2
DA:34,9
DA:35,9
DA:36,9
DA:38,9
DA:39,3
DA:40,2
DA:41,1
DA:45,4
DA:46,4
DA:47,4
DA:51,3
DA:52,3
DA:53,3
DA:54,3
DA:55,3
LF:25
LH:25
BRDA:25,0,0,3
BRDA:38,1,0,6
BRDA:38,1,1,3
BRDA:39,2,0,1
BRDA:39,2,1,2
BRDA:40,3,0,1
BRDA:40,3,1,1
BRDA:44,4,0,1
BRDA:50,5,0,0
BRF:9
BRH:8
end_of_record
TN:
SF:src/lib/validation.ts
FNF:0
FNH:0
DA:3,1
DA:12,1
DA:21,1
DA:36,1
DA:43,1
DA:50,1
LF:6
LH:6
BRF:0
BRH:0
end_of_record
TN:
SF:src/stores/auth-store.ts
FN:8,(anonymous_0)
FN:9,(anonymous_1)
FN:10,(anonymous_2)
FN:28,(anonymous_3)
FN:35,(anonymous_4)
FN:36,(anonymous_5)
FN:37,(anonymous_6)
FN:38,(anonymous_7)
FN:42,(anonymous_8)
FNF:9
FNH:8
FNDA:1,(anonymous_0)
FNDA:11,(anonymous_1)
FNDA:0,(anonymous_2)
FNDA:1,(anonymous_3)
FNDA:2,(anonymous_4)
FNDA:1,(anonymous_5)
FNDA:2,(anonymous_6)
FNDA:1,(anonymous_7)
FNDA:1,(anonymous_8)
DA:5,1
DA:7,1
DA:8,1
DA:9,11
DA:10,0
DA:26,1
DA:28,1
DA:35,2
DA:36,1
DA:37,2
DA:38,1
DA:42,1
LF:12
LH:11
BRDA:8,0,0,1
BRDA:8,0,1,1
BRF:2
BRH:2
end_of_record
TN:
SF:src/stores/child-store.ts
FN:8,(anonymous_0)
FN:9,(anonymous_1)
FN:10,(anonymous_2)
FN:20,(anonymous_3)
FN:22,(anonymous_4)
FN:26,(anonymous_5)
FNF:6
FNH:5
FNDA:1,(anonymous_0)
FNDA:6,(anonymous_1)
FNDA:0,(anonymous_2)
FNDA:1,(anonymous_3)
FNDA:3,(anonymous_4)
FNDA:1,(anonymous_5)
DA:5,1
DA:7,1
DA:8,1
DA:9,6
DA:10,0
DA:18,1
DA:20,1
DA:22,3
DA:26,1
LF:9
LH:8
BRDA:8,0,0,1
BRDA:8,0,1,1
BRF:2
BRH:2
end_of_record
TN:
SF:src/stores/settings-store.ts
FN:8,(anonymous_0)
FN:9,(anonymous_1)
FN:10,(anonymous_2)
FN:26,(anonymous_3)
FN:30,(anonymous_4)
FN:31,(anonymous_5)
FN:32,(anonymous_6)
FN:36,(anonymous_7)
FNF:8
FNH:7
FNDA:1,(anonymous_0)
FNDA:14,(anonymous_1)
FNDA:0,(anonymous_2)
FNDA:1,(anonymous_3)
FNDA:4,(anonymous_4)
FNDA:2,(anonymous_5)
FNDA:2,(anonymous_6)
FNDA:1,(anonymous_7)
DA:5,1
DA:7,1
DA:8,1
DA:9,14
DA:10,0
DA:24,1
DA:26,1
DA:30,4
DA:31,2
DA:32,2
DA:36,1
LF:11
LH:10
BRDA:8,0,0,1
BRDA:8,0,1,1
BRF:2
BRH:2
end_of_record
